2023-04-24 21:47:57,441 INFO com.zaxxer.hikari.HikariDataSource [restartedMain] HikariPool-2 - Starting...
2023-04-24 21:47:57,508 INFO com.zaxxer.hikari.HikariDataSource [restartedMain] HikariPool-2 - Start completed.
2023-04-24 21:47:57,509 INFO org.hibernate.dialect.Dialect [restartedMain] HHH000400: Using dialect: org.hibernate.dialect.MySQL8Dialect
2023-04-24 21:47:57,601 INFO org.hibernate.engine.transaction.jta.platform.internal.JtaPlatformInitiator [restartedMain] HHH000490: Using JtaPlatform implementation: [org.hibernate.engine.transaction.jta.platform.internal.NoJtaPlatform]
2023-04-24 21:47:57,603 INFO org.springframework.orm.jpa.LocalContainerEntityManagerFactoryBean [restartedMain] Initialized JPA EntityManagerFactory for persistence unit 'default'
2023-04-24 21:47:57,859 WARN org.springframework.boot.autoconfigure.orm.jpa.JpaBaseConfiguration$JpaWebConfiguration [restartedMain] spring.jpa.open-in-view is enabled by default. Therefore, database queries may be performed during view rendering. Explicitly configure spring.jpa.open-in-view to disable this warning
2023-04-24 21:47:59,203 INFO org.springframework.boot.devtools.autoconfigure.OptionalLiveReloadServer [restartedMain] LiveReload server is running on port 35729
2023-04-24 21:47:59,552 INFO org.apache.tomcat.util.net.NioEndpoint.certificate [restartedMain] Connector [https-jsse-nio-9090], TLS virtual host [_default_], certificate type [UNDEFINED] configured from [file:/C:/Users/MOHAN/eclipse-workspace/EmployeMangamentSystem/bin/main/javaemployecapstone.p12] using alias [myalias] and with trust store [null]
2023-04-24 21:47:59,566 INFO org.springframework.boot.web.embedded.tomcat.TomcatWebServer [restartedMain] Tomcat started on port(s): 9090 (https) with context path ''
2023-04-24 21:47:59,572 INFO com.capstone.project.EmployeMangamentSystemApplication [restartedMain] Started EmployeMangamentSystemApplication in 2.995 seconds (JVM running for 11877.513)
2023-04-24 21:47:59,574 INFO org.springframework.boot.devtools.autoconfigure.ConditionEvaluationDeltaLoggingListener [restartedMain] Condition evaluation unchanged
2023-04-24 21:58:06,667 WARN com.zaxxer.hikari.pool.HikariPool [HikariPool-2 housekeeper] HikariPool-2 - Thread starvation or clock leap detected (housekeeper delta=6m8s996ms734µs700ns).
2023-04-24 22:13:03,678 INFO org.springframework.boot.devtools.autoconfigure.LocalDevToolsAutoConfiguration$RestartingClassPathChangeChangedEventListener [File Watcher] Restarting due to 1 class path change (1 addition, 0 deletions, 0 modifications)
2023-04-24 22:13:04,341 INFO org.apache.catalina.core.StandardService [Thread-7] Stopping service [Tomcat]
2023-04-24 22:13:04,729 INFO org.springframework.orm.jpa.LocalContainerEntityManagerFactoryBean [Thread-7] Closing JPA EntityManagerFactory for persistence unit 'default'
2023-04-24 22:13:04,831 INFO com.zaxxer.hikari.HikariDataSource [Thread-7] HikariPool-2 - Shutdown initiated...
2023-04-24 22:13:05,003 INFO com.zaxxer.hikari.HikariDataSource [Thread-7] HikariPool-2 - Shutdown completed.
2023-04-24 22:13:05,932 INFO com.capstone.project.EmployeMangamentSystemApplication [restartedMain] Starting EmployeMangamentSystemApplication using Java 18.0.1.1 on DESKTOP-JOJEF26 with PID 40156 (C:\Users\MOHAN\eclipse-workspace\EmployeMangamentSystem\bin\main started by MOHAN in C:\Users\MOHAN\eclipse-workspace\EmployeMangamentSystem)
2023-04-24 22:13:05,935 INFO com.capstone.project.EmployeMangamentSystemApplication [restartedMain] No active profile set, falling back to 1 default profile: "default"
2023-04-24 22:13:07,080 INFO org.springframework.data.repository.config.RepositoryConfigurationDelegate [restartedMain] Bootstrapping Spring Data JPA repositories in DEFAULT mode.
2023-04-24 22:13:07,109 INFO org.springframework.data.repository.config.RepositoryConfigurationDelegate [restartedMain] Finished Spring Data repository scanning in 28 ms. Found 1 JPA repository interfaces.
2023-04-24 22:13:07,408 INFO org.springframework.boot.web.embedded.tomcat.TomcatWebServer [restartedMain] Tomcat initialized with port(s): 9090 (https)
2023-04-24 22:13:07,410 INFO org.apache.catalina.core.StandardService [restartedMain] Starting service [Tomcat]
2023-04-24 22:13:07,411 INFO org.apache.catalina.core.StandardEngine [restartedMain] Starting Servlet engine: [Apache Tomcat/9.0.73]
2023-04-24 22:13:07,488 INFO org.apache.catalina.core.ContainerBase.[Tomcat].[localhost].[/] [restartedMain] Initializing Spring embedded WebApplicationContext
2023-04-24 22:13:07,488 INFO org.springframework.boot.web.servlet.context.ServletWebServerApplicationContext [restartedMain] Root WebApplicationContext: initialization completed in 1543 ms
2023-04-24 22:13:07,603 INFO org.hibernate.jpa.internal.util.LogHelper [restartedMain] HHH000204: Processing PersistenceUnitInfo [name: default]
2023-04-24 22:13:07,622 INFO com.zaxxer.hikari.HikariDataSource [restartedMain] HikariPool-3 - Starting...
2023-04-24 22:13:07,691 INFO com.zaxxer.hikari.HikariDataSource [restartedMain] HikariPool-3 - Start completed.
2023-04-24 22:13:07,692 INFO org.hibernate.dialect.Dialect [restartedMain] HHH000400: Using dialect: org.hibernate.dialect.MySQL8Dialect
2023-04-24 22:13:07,783 INFO org.hibernate.engine.transaction.jta.platform.internal.JtaPlatformInitiator [restartedMain] HHH000490: Using JtaPlatform implementation: [org.hibernate.engine.transaction.jta.platform.internal.NoJtaPlatform]
2023-04-24 22:13:07,783 INFO org.springframework.orm.jpa.LocalContainerEntityManagerFactoryBean [restartedMain] Initialized JPA EntityManagerFactory for persistence unit 'default'
