2023-04-25 11:42:58,158 INFO org.springframework.data.repository.config.RepositoryConfigurationDelegate [Test worker] Bootstrapping Spring Data JPA repositories in DEFAULT mode.
2023-04-25 11:42:58,683 INFO org.springframework.data.repository.config.RepositoryConfigurationDelegate [Test worker] Finished Spring Data repository scanning in 487 ms. Found 1 JPA repository interfaces.
2023-04-25 11:43:00,340 INFO org.hibernate.jpa.internal.util.LogHelper [Test worker] HHH000204: Processing PersistenceUnitInfo [name: default]
2023-04-25 11:43:00,527 INFO org.hibernate.Version [Test worker] HHH000412: Hibernate ORM core version 5.6.15.Final
2023-04-25 11:43:01,138 INFO org.hibernate.annotations.common.Version [Test worker] HCANN000001: Hibernate Commons Annotations {5.1.2.Final}
2023-04-25 11:43:01,428 INFO com.zaxxer.hikari.HikariDataSource [Test worker] HikariPool-1 - Starting...
2023-04-25 11:43:02,436 INFO com.zaxxer.hikari.HikariDataSource [Test worker] HikariPool-1 - Start completed.
2023-04-25 11:43:02,535 INFO org.hibernate.dialect.Dialect [Test worker] HHH000400: Using dialect: org.hibernate.dialect.MySQL8Dialect
2023-04-25 11:43:04,861 INFO org.hibernate.engine.transaction.jta.platform.internal.JtaPlatformInitiator [Test worker] HHH000490: Using JtaPlatform implementation: [org.hibernate.engine.transaction.jta.platform.internal.NoJtaPlatform]
2023-04-25 11:43:04,890 INFO org.springframework.orm.jpa.LocalContainerEntityManagerFactoryBean [Test worker] Initialized JPA EntityManagerFactory for persistence unit 'default'
2023-04-25 11:43:06,726 WARN org.springframework.boot.autoconfigure.orm.jpa.JpaBaseConfiguration$JpaWebConfiguration [Test worker] spring.jpa.open-in-view is enabled by default. Therefore, database queries may be performed during view rendering. Explicitly configure spring.jpa.open-in-view to disable this warning
2023-04-25 11:43:11,573 INFO com.capstone.project.service.EmployeeServiceImpTest [Test worker] Started EmployeeServiceImpTest in 16.32 seconds (JVM running for 20.85)
2023-04-25 11:43:12,246 INFO org.springframework.boot.test.context.SpringBootTestContextBootstrapper [Test worker] Neither @ContextConfiguration nor @ContextHierarchy found for test class [com.mongo.springweb.EmployeMangamentSystemApplicationTests], using SpringBootContextLoader
2023-04-25 11:43:12,248 INFO org.springframework.test.context.support.AbstractContextLoader [Test worker] Could not detect default resource locations for test class [com.mongo.springweb.EmployeMangamentSystemApplicationTests]: no resource found for suffixes {-context.xml, Context.groovy}.
2023-04-25 11:43:12,249 INFO org.springframework.test.context.support.AnnotationConfigContextLoaderUtils [Test worker] Could not detect default configuration classes for test class [com.mongo.springweb.EmployeMangamentSystemApplicationTests]: EmployeMangamentSystemApplicationTests does not declare any static, non-private, non-final, nested classes annotated with @Configuration.
2023-04-25 11:43:12,429 INFO org.springframework.orm.jpa.LocalContainerEntityManagerFactoryBean [SpringApplicationShutdownHook] Closing JPA EntityManagerFactory for persistence unit 'default'
2023-04-25 11:43:12,435 INFO com.zaxxer.hikari.HikariDataSource [SpringApplicationShutdownHook] HikariPool-1 - Shutdown initiated...
2023-04-25 11:43:12,455 INFO com.zaxxer.hikari.HikariDataSource [SpringApplicationShutdownHook] HikariPool-1 - Shutdown completed.
2023-04-25 12:05:54,210 INFO org.springframework.boot.test.context.SpringBootTestContextBootstrapper [Test worker] Neither @ContextConfiguration nor @ContextHierarchy found for test class [com.mongo.springweb.EmployeMangamentSystemApplicationTests], using SpringBootContextLoader
2023-04-25 12:05:54,226 INFO org.springframework.test.context.support.AbstractContextLoader [Test worker] Could not detect default resource locations for test class [com.mongo.springweb.EmployeMangamentSystemApplicationTests]: no resource found for suffixes {-context.xml, Context.groovy}.
2023-04-25 12:05:54,228 INFO org.springframework.test.context.support.AnnotationConfigContextLoaderUtils [Test worker] Could not detect default configuration classes for test class [com.mongo.springweb.EmployeMangamentSystemApplicationTests]: EmployeMangamentSystemApplicationTests does not declare any static, non-private, non-final, nested classes annotated with @Configuration.
2023-04-25 12:05:54,485 INFO org.springframework.boot.test.context.SpringBootTestContextBootstrapper [Test worker] Neither @ContextConfiguration nor @ContextHierarchy found for test class [com.capstone.project.service.EmployeeServiceImpTest], using SpringBootContextLoader
2023-04-25 12:05:54,487 INFO org.springframework.test.context.support.AbstractContextLoader [Test worker] Could not detect default resource locations for test class [com.capstone.project.service.EmployeeServiceImpTest]: no resource found for suffixes {-context.xml, Context.groovy}.
2023-04-25 12:05:54,488 INFO org.springframework.test.context.support.AnnotationConfigContextLoaderUtils [Test worker] Could not detect default configuration classes for test class [com.capstone.project.service.EmployeeServiceImpTest]: EmployeeServiceImpTest does not declare any static, non-private, non-final, nested classes annotated with @Configuration.
2023-04-25 12:05:54,576 INFO org.springframework.boot.test.context.SpringBootTestContextBootstrapper [Test worker] Found @SpringBootConfiguration com.capstone.project.EmployeMangamentSystemApplication for test class com.capstone.project.service.EmployeeServiceImpTest
