2023-04-25 11:07:19,666 INFO com.capstone.project.EmployeMangamentSystemApplication [restartedMain] Started EmployeMangamentSystemApplication in 13.216 seconds (JVM running for 16.336)
2023-04-25 11:08:24,158 INFO org.apache.catalina.core.ContainerBase.[Tomcat].[localhost].[/] [https-jsse-nio-9090-exec-5] Initializing Spring DispatcherServlet 'dispatcherServlet'
2023-04-25 11:08:24,160 INFO org.springframework.web.servlet.DispatcherServlet [https-jsse-nio-9090-exec-5] Initializing Servlet 'dispatcherServlet'
2023-04-25 11:08:24,163 INFO org.springframework.web.servlet.DispatcherServlet [https-jsse-nio-9090-exec-5] Completed initialization in 3 ms
2023-04-25 11:08:24,266 INFO com.capstone.project.controller.EmployeeController [https-jsse-nio-9090-exec-5] EmployeeId(2) is called
2023-04-25 11:09:21,801 INFO com.capstone.project.controller.EmployeeController [https-jsse-nio-9090-exec-8] EmployeeId(3) is called
2023-04-25 11:09:48,753 INFO com.capstone.project.controller.EmployeeController [https-jsse-nio-9090-exec-7] EmployeeId(3) is called
2023-04-25 11:10:03,978 INFO com.capstone.project.controller.EmployeeController [https-jsse-nio-9090-exec-4] EmployeeId(4) is called
2023-04-25 11:10:04,011 WARN org.springframework.web.servlet.mvc.method.annotation.ExceptionHandlerExceptionResolver [https-jsse-nio-9090-exec-4] Resolved [com.capstone.project.exception.EmployeeIDException: Invalid EmployeeId : 4]
2023-04-25 11:13:10,095 INFO com.capstone.project.controller.EmployeeController [https-jsse-nio-9090-exec-2] EmployeeId(4) is called
2023-04-25 11:13:10,122 WARN org.springframework.web.servlet.mvc.method.annotation.ExceptionHandlerExceptionResolver [https-jsse-nio-9090-exec-2] Resolved [com.capstone.project.exception.EmployeeIDException: Invalid EmployeeId : 4]
2023-04-25 11:25:14,874 INFO com.capstone.project.controller.EmployeeController [https-jsse-nio-9090-exec-9] EmployeeId(4) is called
2023-04-25 11:25:15,136 WARN org.springframework.web.servlet.mvc.method.annotation.ExceptionHandlerExceptionResolver [https-jsse-nio-9090-exec-9] Resolved [com.capstone.project.exception.EmployeeIDException: Invalid EmployeeId : 4]
2023-04-25 11:25:19,770 INFO com.capstone.project.controller.EmployeeController [https-jsse-nio-9090-exec-3] EmployeeId(4) is called
2023-04-25 11:25:19,787 WARN org.springframework.web.servlet.mvc.method.annotation.ExceptionHandlerExceptionResolver [https-jsse-nio-9090-exec-3] Resolved [com.capstone.project.exception.EmployeeIDException: Invalid EmployeeId : 4]
2023-04-25 11:30:02,804 INFO com.capstone.project.controller.EmployeeController [https-jsse-nio-9090-exec-4] EmployeeId(4) is called
2023-04-25 11:30:02,817 WARN org.springframework.web.servlet.mvc.method.annotation.ExceptionHandlerExceptionResolver [https-jsse-nio-9090-exec-4] Resolved [com.capstone.project.exception.EmployeeIDException: Invalid EmployeeId : 4]
2023-04-25 11:35:54,688 INFO org.springframework.boot.admin.SpringApplicationAdminMXBeanRegistrar$SpringApplicationAdmin [RMI TCP Connection(32)-127.0.0.1] Application shutdown requested.
2023-04-25 11:35:54,842 INFO org.apache.catalina.core.StandardService [RMI TCP Connection(32)-127.0.0.1] Stopping service [Tomcat]
2023-04-25 11:35:54,854 INFO org.apache.catalina.core.ContainerBase.[Tomcat].[localhost].[/] [RMI TCP Connection(32)-127.0.0.1] Destroying Spring FrameworkServlet 'dispatcherServlet'
2023-04-25 11:35:55,011 INFO org.springframework.orm.jpa.LocalContainerEntityManagerFactoryBean [RMI TCP Connection(32)-127.0.0.1] Closing JPA EntityManagerFactory for persistence unit 'default'
2023-04-25 11:35:55,042 INFO com.zaxxer.hikari.HikariDataSource [RMI TCP Connection(32)-127.0.0.1] HikariPool-1 - Shutdown initiated...
2023-04-25 11:35:55,073 INFO com.zaxxer.hikari.HikariDataSource [RMI TCP Connection(32)-127.0.0.1] HikariPool-1 - Shutdown completed.
2023-04-25 11:42:54,411 INFO org.springframework.boot.test.context.SpringBootTestContextBootstrapper [Test worker] Neither @ContextConfiguration nor @ContextHierarchy found for test class [com.capstone.project.service.EmployeeServiceImpTest], using SpringBootContextLoader
2023-04-25 11:42:54,432 INFO org.springframework.test.context.support.AbstractContextLoader [Test worker] Could not detect default resource locations for test class [com.capstone.project.service.EmployeeServiceImpTest]: no resource found for suffixes {-context.xml, Context.groovy}.
2023-04-25 11:42:54,433 INFO org.springframework.test.context.support.AnnotationConfigContextLoaderUtils [Test worker] Could not detect default configuration classes for test class [com.capstone.project.service.EmployeeServiceImpTest]: EmployeeServiceImpTest does not declare any static, non-private, non-final, nested classes annotated with @Configuration.
2023-04-25 11:42:54,739 INFO org.springframework.boot.test.context.SpringBootTestContextBootstrapper [Test worker] Found @SpringBootConfiguration com.capstone.project.EmployeMangamentSystemApplication for test class com.capstone.project.service.EmployeeServiceImpTest
2023-04-25 11:42:55,087 INFO org.springframework.boot.test.context.SpringBootTestContextBootstrapper [Test worker] Loaded default TestExecutionListener class names from location [META-INF/spring.factories]: [org.springframework.boot.test.autoconfigure.restdocs.RestDocsTestExecutionListener, org.springframework.boot.test.autoconfigure.web.client.MockRestServiceServerResetTestExecutionListener, org.springframework.boot.test.autoconfigure.web.servlet.MockMvcPrintOnlyOnFailureTestExecutionListener, org.springframework.boot.test.autoconfigure.web.servlet.WebDriverTestExecutionListener, org.springframework.boot.test.autoconfigure.webservices.client.MockWebServiceServerTestExecutionListener, org.springframework.boot.test.mock.mockito.MockitoTestExecutionListener, org.springframework.boot.test.mock.mockito.ResetMocksTestExecutionListener, org.springframework.test.context.web.ServletTestExecutionListener, org.springframework.test.context.support.DirtiesContextBeforeModesTestExecutionListener, org.springframework.test.context.event.ApplicationEventsTestExecutionListener, org.springframework.test.context.support.DependencyInjectionTestExecutionListener, org.springframework.test.context.support.DirtiesContextTestExecutionListener, org.springframework.test.context.transaction.TransactionalTestExecutionListener, org.springframework.test.context.jdbc.SqlScriptsTestExecutionListener, org.springframework.test.context.event.EventPublishingTestExecutionListener]
2023-04-25 11:42:55,132 INFO org.springframework.boot.test.context.SpringBootTestContextBootstrapper [Test worker] Using TestExecutionListeners: [org.springframework.test.context.web.ServletTestExecutionListener@3a60c416, org.springframework.test.context.support.DirtiesContextBeforeModesTestExecutionListener@60f2e0bd, org.springframework.test.context.event.ApplicationEventsTestExecutionListener@469d003c, org.springframework.boot.test.mock.mockito.MockitoTestExecutionListener@6b410923, org.springframework.boot.test.autoconfigure.SpringBootDependencyInjectionTestExecutionListener@57bd2029, org.springframework.test.context.support.DirtiesContextTestExecutionListener@203dd56b, org.springframework.test.context.transaction.TransactionalTestExecutionListener@e8fadb0, org.springframework.test.context.jdbc.SqlScriptsTestExecutionListener@6d64b553, org.springframework.test.context.event.EventPublishingTestExecutionListener@53667cbe, org.springframework.boot.test.autoconfigure.restdocs.RestDocsTestExecutionListener@1d3e6d34, org.springframework.boot.test.autoconfigure.web.client.MockRestServiceServerResetTestExecutionListener@6eafb10e, org.springframework.boot.test.autoconfigure.web.servlet.MockMvcPrintOnlyOnFailureTestExecutionListener@26a94fa5, org.springframework.boot.test.autoconfigure.web.servlet.WebDriverTestExecutionListener@464a4442, org.springframework.boot.test.autoconfigure.webservices.client.MockWebServiceServerTestExecutionListener@2873d672, org.springframework.boot.test.mock.mockito.ResetMocksTestExecutionListener@3bc735b3]
2023-04-25 11:42:56,024 INFO com.capstone.project.service.EmployeeServiceImpTest [Test worker] Starting EmployeeServiceImpTest using Java 17.0.2 on DESKTOP-JOJEF26 with PID 17396 (started by MOHAN in C:\Users\MOHAN\eclipse-workspace\EmployeMangamentSystem)
2023-04-25 11:42:56,026 INFO com.capstone.project.service.EmployeeServiceImpTest [Test worker] No active profile set, falling back to 1 default profile: "default"
