2023-04-23 12:13:37,978 WARN org.springframework.web.servlet.mvc.method.annotation.ExceptionHandlerExceptionResolver [http-nio-9090-exec-6] Resolved [java.lang.IllegalStateException: Optional int parameter 'employeeID' is present but cannot be translated into a null value due to being declared as a primitive type. Consider declaring it as object wrapper for the corresponding primitive type.]
2023-04-23 12:13:56,968 WARN org.springframework.web.servlet.mvc.method.annotation.ExceptionHandlerExceptionResolver [http-nio-9090-exec-7] Resolved [java.lang.IllegalStateException: Optional int parameter 'employeeID' is present but cannot be translated into a null value due to being declared as a primitive type. Consider declaring it as object wrapper for the corresponding primitive type.]
2023-04-23 12:14:16,148 INFO org.springframework.boot.devtools.autoconfigure.LocalDevToolsAutoConfiguration$RestartingClassPathChangeChangedEventListener [File Watcher] Restarting due to 1 class path change (0 additions, 0 deletions, 1 modification)
2023-04-23 12:14:16,643 INFO org.apache.catalina.core.StandardService [Thread-5] Stopping service [Tomcat]
2023-04-23 12:14:16,664 INFO org.apache.catalina.core.ContainerBase.[Tomcat].[localhost].[/] [Thread-5] Destroying Spring FrameworkServlet 'dispatcherServlet'
2023-04-23 12:14:16,912 INFO org.springframework.orm.jpa.LocalContainerEntityManagerFactoryBean [Thread-5] Closing JPA EntityManagerFactory for persistence unit 'default'
2023-04-23 12:14:16,990 INFO com.zaxxer.hikari.HikariDataSource [Thread-5] HikariPool-1 - Shutdown initiated...
2023-04-23 12:14:17,057 INFO com.zaxxer.hikari.HikariDataSource [Thread-5] HikariPool-1 - Shutdown completed.
2023-04-23 12:14:17,409 INFO com.capstone.project.EmployeMangamentSystemApplication [restartedMain] Starting EmployeMangamentSystemApplication using Java 18.0.1.1 on DESKTOP-JOJEF26 with PID 42976 (C:\Users\MOHAN\eclipse-workspace\EmployeMangamentSystem\bin\main started by MOHAN in C:\Users\MOHAN\eclipse-workspace\EmployeMangamentSystem)
2023-04-23 12:14:17,409 INFO com.capstone.project.EmployeMangamentSystemApplication [restartedMain] No active profile set, falling back to 1 default profile: "default"
2023-04-23 12:14:17,775 INFO org.springframework.data.repository.config.RepositoryConfigurationDelegate [restartedMain] Bootstrapping Spring Data JPA repositories in DEFAULT mode.
2023-04-23 12:14:17,789 INFO org.springframework.data.repository.config.RepositoryConfigurationDelegate [restartedMain] Finished Spring Data repository scanning in 13 ms. Found 1 JPA repository interfaces.
2023-04-23 12:14:17,954 INFO org.springframework.boot.web.embedded.tomcat.TomcatWebServer [restartedMain] Tomcat initialized with port(s): 9090 (http)
2023-04-23 12:14:17,956 INFO org.apache.catalina.core.StandardService [restartedMain] Starting service [Tomcat]
2023-04-23 12:14:17,956 INFO org.apache.catalina.core.StandardEngine [restartedMain] Starting Servlet engine: [Apache Tomcat/9.0.73]
2023-04-23 12:14:18,018 INFO org.apache.catalina.core.ContainerBase.[Tomcat].[localhost].[/] [restartedMain] Initializing Spring embedded WebApplicationContext
2023-04-23 12:14:18,020 INFO org.springframework.boot.web.servlet.context.ServletWebServerApplicationContext [restartedMain] Root WebApplicationContext: initialization completed in 609 ms
2023-04-23 12:14:18,055 INFO com.zaxxer.hikari.HikariDataSource [restartedMain] HikariPool-2 - Starting...
2023-04-23 12:14:18,388 INFO com.zaxxer.hikari.HikariDataSource [restartedMain] HikariPool-2 - Start completed.
2023-04-23 12:14:18,390 INFO org.springframework.boot.autoconfigure.h2.H2ConsoleAutoConfiguration [restartedMain] H2 console available at '/h2-console'. Database available at 'jdbc:mysql://localhost:3306/capstone_system'
2023-04-23 12:14:18,440 INFO org.hibernate.jpa.internal.util.LogHelper [restartedMain] HHH000204: Processing PersistenceUnitInfo [name: default]
2023-04-23 12:14:18,455 INFO org.hibernate.dialect.Dialect [restartedMain] HHH000400: Using dialect: org.hibernate.dialect.MySQL8Dialect
2023-04-23 12:14:18,674 INFO org.hibernate.engine.transaction.jta.platform.internal.JtaPlatformInitiator [restartedMain] HHH000490: Using JtaPlatform implementation: [org.hibernate.engine.transaction.jta.platform.internal.NoJtaPlatform]
2023-04-23 12:14:18,674 INFO org.springframework.orm.jpa.LocalContainerEntityManagerFactoryBean [restartedMain] Initialized JPA EntityManagerFactory for persistence unit 'default'
2023-04-23 12:14:18,797 WARN org.springframework.boot.autoconfigure.orm.jpa.JpaBaseConfiguration$JpaWebConfiguration [restartedMain] spring.jpa.open-in-view is enabled by default. Therefore, database queries may be performed during view rendering. Explicitly configure spring.jpa.open-in-view to disable this warning
2023-04-23 12:14:19,647 INFO org.springframework.boot.devtools.autoconfigure.OptionalLiveReloadServer [restartedMain] LiveReload server is running on port 35729
2023-04-23 12:14:19,673 INFO org.springframework.boot.web.embedded.tomcat.TomcatWebServer [restartedMain] Tomcat started on port(s): 9090 (http) with context path ''
