2023-04-26 10:43:32,083 INFO org.springframework.boot.devtools.autoconfigure.LocalDevToolsAutoConfiguration$RestartingClassPathChangeChangedEventListener [File Watcher] Restarting due to 11 class path changes (0 additions, 0 deletions, 11 modifications)
2023-04-26 10:43:32,289 INFO org.apache.catalina.core.StandardService [Thread-5] Stopping service [Tomcat]
2023-04-26 10:43:32,299 INFO org.apache.catalina.core.ContainerBase.[Tomcat].[localhost].[/] [Thread-5] Destroying Spring FrameworkServlet 'dispatcherServlet'
2023-04-26 10:43:32,525 INFO org.springframework.orm.jpa.LocalContainerEntityManagerFactoryBean [Thread-5] Closing JPA EntityManagerFactory for persistence unit 'default'
2023-04-26 10:43:32,588 INFO com.zaxxer.hikari.HikariDataSource [Thread-5] HikariPool-1 - Shutdown initiated...
2023-04-26 10:43:32,654 INFO com.zaxxer.hikari.HikariDataSource [Thread-5] HikariPool-1 - Shutdown completed.
2023-04-26 10:43:33,975 INFO com.capstone.project.EmployeMangamentSystemApplication [restartedMain] Starting EmployeMangamentSystemApplication using Java 18.0.1.1 on DESKTOP-JOJEF26 with PID 26620 (C:\Users\MOHAN\eclipse-workspace\EmployeMangamentSystem\bin\main started by MOHAN in C:\Users\MOHAN\eclipse-workspace\EmployeMangamentSystem)
2023-04-26 10:43:33,975 INFO com.capstone.project.EmployeMangamentSystemApplication [restartedMain] No active profile set, falling back to 1 default profile: "default"
2023-04-26 10:43:34,556 INFO org.springframework.data.repository.config.RepositoryConfigurationDelegate [restartedMain] Bootstrapping Spring Data JPA repositories in DEFAULT mode.
2023-04-26 10:43:34,573 INFO org.springframework.data.repository.config.RepositoryConfigurationDelegate [restartedMain] Finished Spring Data repository scanning in 17 ms. Found 1 JPA repository interfaces.
2023-04-26 10:43:34,808 INFO org.springframework.boot.web.embedded.tomcat.TomcatWebServer [restartedMain] Tomcat initialized with port(s): 9090 (https)
2023-04-26 10:43:34,809 INFO org.apache.catalina.core.StandardService [restartedMain] Starting service [Tomcat]
2023-04-26 10:43:34,809 INFO org.apache.catalina.core.StandardEngine [restartedMain] Starting Servlet engine: [Apache Tomcat/9.0.73]
2023-04-26 10:43:34,891 INFO org.apache.catalina.core.ContainerBase.[Tomcat].[localhost].[/] [restartedMain] Initializing Spring embedded WebApplicationContext
2023-04-26 10:43:34,892 INFO org.springframework.boot.web.servlet.context.ServletWebServerApplicationContext [restartedMain] Root WebApplicationContext: initialization completed in 907 ms
2023-04-26 10:43:35,004 INFO org.hibernate.jpa.internal.util.LogHelper [restartedMain] HHH000204: Processing PersistenceUnitInfo [name: default]
2023-04-26 10:43:35,021 INFO com.zaxxer.hikari.HikariDataSource [restartedMain] HikariPool-2 - Starting...
2023-04-26 10:43:35,116 INFO com.zaxxer.hikari.HikariDataSource [restartedMain] HikariPool-2 - Start completed.
2023-04-26 10:43:35,116 INFO org.hibernate.dialect.Dialect [restartedMain] HHH000400: Using dialect: org.hibernate.dialect.MySQL8Dialect
2023-04-26 10:43:35,348 INFO org.hibernate.engine.transaction.jta.platform.internal.JtaPlatformInitiator [restartedMain] HHH000490: Using JtaPlatform implementation: [org.hibernate.engine.transaction.jta.platform.internal.NoJtaPlatform]
2023-04-26 10:43:35,348 INFO org.springframework.orm.jpa.LocalContainerEntityManagerFactoryBean [restartedMain] Initialized JPA EntityManagerFactory for persistence unit 'default'
2023-04-26 10:43:35,501 WARN org.springframework.boot.autoconfigure.orm.jpa.JpaBaseConfiguration$JpaWebConfiguration [restartedMain] spring.jpa.open-in-view is enabled by default. Therefore, database queries may be performed during view rendering. Explicitly configure spring.jpa.open-in-view to disable this warning
2023-04-26 10:43:36,603 INFO org.springframework.boot.devtools.autoconfigure.OptionalLiveReloadServer [restartedMain] LiveReload server is running on port 35729
2023-04-26 10:43:36,829 INFO org.apache.tomcat.util.net.NioEndpoint.certificate [restartedMain] Connector [https-jsse-nio-9090], TLS virtual host [_default_], certificate type [UNDEFINED] configured from [file:/C:/Users/MOHAN/eclipse-workspace/EmployeMangamentSystem/bin/main/javaemployecapstone.p12] using alias [myalias] and with trust store [null]
2023-04-26 10:43:36,832 INFO org.springframework.boot.web.embedded.tomcat.TomcatWebServer [restartedMain] Tomcat started on port(s): 9090 (https) with context path ''
2023-04-26 10:43:36,849 INFO com.capstone.project.EmployeMangamentSystemApplication [restartedMain] Started EmployeMangamentSystemApplication in 3.161 seconds (JVM running for 435.698)
2023-04-26 10:43:36,852 INFO org.springframework.boot.devtools.autoconfigure.ConditionEvaluationDeltaLoggingListener [restartedMain] Condition evaluation unchanged
2023-04-26 10:43:45,734 INFO org.apache.catalina.core.ContainerBase.[Tomcat].[localhost].[/] [https-jsse-nio-9090-exec-4] Initializing Spring DispatcherServlet 'dispatcherServlet'
2023-04-26 10:43:45,734 INFO org.springframework.web.servlet.DispatcherServlet [https-jsse-nio-9090-exec-4] Initializing Servlet 'dispatcherServlet'
