2023-04-22 15:34:28,912 INFO org.mongodb.driver.connection [cluster-ClusterId{value='6443b12cd8dc3f4db6b756fb', description='null'}-localhost:27017] Opened connection [connectionId{localValue:14, serverValue:168}] to localhost:27017
2023-04-22 15:34:28,912 INFO org.mongodb.driver.connection [cluster-rtt-ClusterId{value='6443b12cd8dc3f4db6b756fb', description='null'}-localhost:27017] Opened connection [connectionId{localValue:13, serverValue:169}] to localhost:27017
2023-04-22 15:34:28,924 INFO org.mongodb.driver.cluster [cluster-ClusterId{value='6443b12cd8dc3f4db6b756fb', description='null'}-localhost:27017] Monitor thread successfully connected to server with description ServerDescription{address=localhost:27017, type=STANDALONE, state=CONNECTED, ok=true, minWireVersion=0, maxWireVersion=17, maxDocumentSize=16777216, logicalSessionTimeoutMinutes=30, roundTripTimeNanos=3775500}
2023-04-22 15:34:28,984 INFO org.springframework.boot.devtools.autoconfigure.OptionalLiveReloadServer [restartedMain] LiveReload server is running on port 35729
2023-04-22 15:34:28,996 INFO org.springframework.boot.web.embedded.tomcat.TomcatWebServer [restartedMain] Tomcat started on port(s): 9090 (http) with context path ''
2023-04-22 15:34:29,000 INFO com.capstone.project.EmployeMangamentSystemApplication [restartedMain] Started EmployeMangamentSystemApplication in 2.063 seconds (JVM running for 19628.897)
2023-04-22 15:34:29,001 INFO org.springframework.boot.devtools.autoconfigure.ConditionEvaluationDeltaLoggingListener [restartedMain] Condition evaluation unchanged
2023-04-22 15:35:52,819 INFO org.springframework.boot.devtools.autoconfigure.LocalDevToolsAutoConfiguration$RestartingClassPathChangeChangedEventListener [File Watcher] Restarting due to 9 class path changes (0 additions, 0 deletions, 9 modifications)
2023-04-22 15:35:53,257 INFO org.apache.catalina.core.StandardService [Thread-27] Stopping service [Tomcat]
2023-04-22 15:35:53,349 INFO org.springframework.orm.jpa.LocalContainerEntityManagerFactoryBean [Thread-27] Closing JPA EntityManagerFactory for persistence unit 'default'
2023-04-22 15:35:53,369 INFO com.zaxxer.hikari.HikariDataSource [Thread-27] HikariPool-7 - Shutdown initiated...
2023-04-22 15:35:53,474 INFO com.zaxxer.hikari.HikariDataSource [Thread-27] HikariPool-7 - Shutdown completed.
2023-04-22 15:35:53,892 INFO com.capstone.project.EmployeMangamentSystemApplication [restartedMain] Starting EmployeMangamentSystemApplication using Java 18.0.1.1 on DESKTOP-JOJEF26 with PID 43372 (C:\Users\MOHAN\eclipse-workspace\EmployeMangamentSystem\bin\main started by MOHAN in C:\Users\MOHAN\eclipse-workspace\EmployeMangamentSystem)
2023-04-22 15:35:53,893 INFO com.capstone.project.EmployeMangamentSystemApplication [restartedMain] No active profile set, falling back to 1 default profile: "default"
2023-04-22 15:35:54,515 INFO org.springframework.data.repository.config.RepositoryConfigurationDelegate [restartedMain] Multiple Spring Data modules found, entering strict repository configuration mode
2023-04-22 15:35:54,517 INFO org.springframework.data.repository.config.RepositoryConfigurationDelegate [restartedMain] Bootstrapping Spring Data JPA repositories in DEFAULT mode.
2023-04-22 15:35:54,545 INFO org.springframework.data.repository.config.RepositoryConfigurationDelegate [restartedMain] Finished Spring Data repository scanning in 28 ms. Found 1 JPA repository interfaces.
2023-04-22 15:35:54,562 INFO org.springframework.data.repository.config.RepositoryConfigurationDelegate [restartedMain] Multiple Spring Data modules found, entering strict repository configuration mode
2023-04-22 15:35:54,562 INFO org.springframework.data.repository.config.RepositoryConfigurationDelegate [restartedMain] Bootstrapping Spring Data MongoDB repositories in DEFAULT mode.
2023-04-22 15:35:54,568 INFO org.springframework.data.repository.config.RepositoryConfigurationExtensionSupport [restartedMain] Spring Data MongoDB - Could not safely identify store assignment for repository candidate interface com.capstone.project.repo.EmployeRepo; If you want this repository to be a MongoDB repository, consider annotating your entities with one of these annotations: org.springframework.data.mongodb.core.mapping.Document (preferred), or consider extending one of the following types with your repository: org.springframework.data.mongodb.repository.MongoRepository
2023-04-22 15:35:54,568 INFO org.springframework.data.repository.config.RepositoryConfigurationDelegate [restartedMain] Finished Spring Data repository scanning in 5 ms. Found 0 MongoDB repository interfaces.
2023-04-22 15:35:54,752 INFO org.springframework.boot.web.embedded.tomcat.TomcatWebServer [restartedMain] Tomcat initialized with port(s): 9090 (http)
2023-04-22 15:35:54,754 INFO org.apache.catalina.core.StandardService [restartedMain] Starting service [Tomcat]
2023-04-22 15:35:54,754 INFO org.apache.catalina.core.StandardEngine [restartedMain] Starting Servlet engine: [Apache Tomcat/9.0.73]
2023-04-22 15:35:54,819 INFO org.apache.catalina.core.ContainerBase.[Tomcat].[localhost].[/] [restartedMain] Initializing Spring embedded WebApplicationContext
2023-04-22 15:35:54,820 INFO org.springframework.boot.web.servlet.context.ServletWebServerApplicationContext [restartedMain] Root WebApplicationContext: initialization completed in 922 ms
2023-04-22 15:35:54,841 INFO com.zaxxer.hikari.HikariDataSource [restartedMain] HikariPool-8 - Starting...
