2023-04-24 22:34:42,462 INFO com.capstone.project.EmployeMangamentSystemApplication [restartedMain] Started EmployeMangamentSystemApplication in 2.169 seconds (JVM running for 105.316)
2023-04-24 22:34:42,467 INFO org.springframework.boot.devtools.autoconfigure.ConditionEvaluationDeltaLoggingListener [restartedMain] Condition evaluation unchanged
2023-04-24 22:35:24,284 INFO org.apache.catalina.core.ContainerBase.[Tomcat].[localhost].[/] [https-jsse-nio-9090-exec-10] Initializing Spring DispatcherServlet 'dispatcherServlet'
2023-04-24 22:35:24,285 INFO org.springframework.web.servlet.DispatcherServlet [https-jsse-nio-9090-exec-10] Initializing Servlet 'dispatcherServlet'
2023-04-24 22:35:24,289 INFO org.springframework.web.servlet.DispatcherServlet [https-jsse-nio-9090-exec-10] Completed initialization in 2 ms
2023-04-24 22:35:24,352 INFO com.capstone.project.controller.EmployeeController [https-jsse-nio-9090-exec-10] EmployeeId(2) is called
2023-04-24 22:36:22,496 INFO com.capstone.project.controller.EmployeeController [https-jsse-nio-9090-exec-1] EmployeeId(2) is called
2023-04-24 22:36:59,078 INFO com.capstone.project.controller.EmployeeController [https-jsse-nio-9090-exec-10] EmployeeId(2) is called
2023-04-24 22:43:09,580 INFO com.capstone.project.controller.EmployeeController [https-jsse-nio-9090-exec-5] EmployeeId(2) is called
2023-04-24 22:46:43,244 INFO com.capstone.project.controller.EmployeeController [https-jsse-nio-9090-exec-8] EmployeeId(2) is called
2023-04-24 22:46:57,150 INFO com.capstone.project.controller.EmployeeController [https-jsse-nio-9090-exec-7] EmployeeId(2) is called
2023-04-24 22:52:24,479 INFO com.capstone.project.controller.EmployeeController [https-jsse-nio-9090-exec-6] EmployeeId(2) is called
2023-04-24 22:52:42,710 INFO org.springframework.boot.devtools.autoconfigure.LocalDevToolsAutoConfiguration$RestartingClassPathChangeChangedEventListener [File Watcher] Restarting due to 1 class path change (0 additions, 0 deletions, 1 modification)
2023-04-24 22:52:42,982 INFO org.apache.catalina.core.StandardService [Thread-7] Stopping service [Tomcat]
2023-04-24 22:52:43,006 INFO org.apache.catalina.core.ContainerBase.[Tomcat].[localhost].[/] [Thread-7] Destroying Spring FrameworkServlet 'dispatcherServlet'
2023-04-24 22:52:43,201 INFO org.springframework.orm.jpa.LocalContainerEntityManagerFactoryBean [Thread-7] Closing JPA EntityManagerFactory for persistence unit 'default'
2023-04-24 22:52:43,233 INFO com.zaxxer.hikari.HikariDataSource [Thread-7] HikariPool-2 - Shutdown initiated...
2023-04-24 22:52:43,279 INFO com.zaxxer.hikari.HikariDataSource [Thread-7] HikariPool-2 - Shutdown completed.
2023-04-24 22:52:43,649 INFO com.capstone.project.EmployeMangamentSystemApplication [restartedMain] Starting EmployeMangamentSystemApplication using Java 18.0.1.1 on DESKTOP-JOJEF26 with PID 17152 (C:\Users\MOHAN\eclipse-workspace\EmployeMangamentSystem\bin\main started by MOHAN in C:\Users\MOHAN\eclipse-workspace\EmployeMangamentSystem)
2023-04-24 22:52:43,650 INFO com.capstone.project.EmployeMangamentSystemApplication [restartedMain] No active profile set, falling back to 1 default profile: "default"
2023-04-24 22:52:44,085 INFO org.springframework.data.repository.config.RepositoryConfigurationDelegate [restartedMain] Bootstrapping Spring Data JPA repositories in DEFAULT mode.
2023-04-24 22:52:44,107 INFO org.springframework.data.repository.config.RepositoryConfigurationDelegate [restartedMain] Finished Spring Data repository scanning in 20 ms. Found 1 JPA repository interfaces.
2023-04-24 22:52:44,571 INFO org.springframework.boot.web.embedded.tomcat.TomcatWebServer [restartedMain] Tomcat initialized with port(s): 9090 (https)
2023-04-24 22:52:44,572 INFO org.apache.catalina.core.StandardService [restartedMain] Starting service [Tomcat]
2023-04-24 22:52:44,572 INFO org.apache.catalina.core.StandardEngine [restartedMain] Starting Servlet engine: [Apache Tomcat/9.0.73]
2023-04-24 22:52:44,624 INFO org.apache.catalina.core.ContainerBase.[Tomcat].[localhost].[/] [restartedMain] Initializing Spring embedded WebApplicationContext
2023-04-24 22:52:44,624 INFO org.springframework.boot.web.servlet.context.ServletWebServerApplicationContext [restartedMain] Root WebApplicationContext: initialization completed in 971 ms
2023-04-24 22:52:44,679 INFO org.hibernate.jpa.internal.util.LogHelper [restartedMain] HHH000204: Processing PersistenceUnitInfo [name: default]
2023-04-24 22:52:44,710 INFO com.zaxxer.hikari.HikariDataSource [restartedMain] HikariPool-3 - Starting...
2023-04-24 22:52:44,750 INFO com.zaxxer.hikari.HikariDataSource [restartedMain] HikariPool-3 - Start completed.
2023-04-24 22:52:44,751 INFO org.hibernate.dialect.Dialect [restartedMain] HHH000400: Using dialect: org.hibernate.dialect.MySQL8Dialect
2023-04-24 22:52:44,841 INFO org.hibernate.engine.transaction.jta.platform.internal.JtaPlatformInitiator [restartedMain] HHH000490: Using JtaPlatform implementation: [org.hibernate.engine.transaction.jta.platform.internal.NoJtaPlatform]
2023-04-24 22:52:44,842 INFO org.springframework.orm.jpa.LocalContainerEntityManagerFactoryBean [restartedMain] Initialized JPA EntityManagerFactory for persistence unit 'default'
