2023-04-26 10:53:05,946 INFO org.apache.tomcat.util.net.NioEndpoint.certificate [restartedMain] Connector [https-jsse-nio-9090], TLS virtual host [_default_], certificate type [UNDEFINED] configured from [file:/C:/Users/MOHAN/eclipse-workspace/EmployeMangamentSystem/bin/main/javaemployecapstone.p12] using alias [myalias] and with trust store [null]
2023-04-26 10:53:06,050 INFO org.springframework.boot.web.embedded.tomcat.TomcatWebServer [restartedMain] Tomcat started on port(s): 9090 (https) with context path ''
2023-04-26 10:53:06,089 INFO com.capstone.project.EmployeMangamentSystemApplication [restartedMain] Started EmployeMangamentSystemApplication in 22.95 seconds (JVM running for 28.434)
2023-04-26 10:53:54,687 INFO org.apache.catalina.core.ContainerBase.[Tomcat].[localhost].[/] [https-jsse-nio-9090-exec-7] Initializing Spring DispatcherServlet 'dispatcherServlet'
2023-04-26 10:53:54,688 INFO org.springframework.web.servlet.DispatcherServlet [https-jsse-nio-9090-exec-7] Initializing Servlet 'dispatcherServlet'
2023-04-26 10:53:54,708 INFO org.springframework.web.servlet.DispatcherServlet [https-jsse-nio-9090-exec-7] Completed initialization in 20 ms
2023-04-26 10:53:54,907 INFO com.capstone.project.controller.EmployeeController [https-jsse-nio-9090-exec-7] EmployeeId(2) is called
2023-04-26 10:54:16,828 INFO com.capstone.project.controller.EmployeeController [https-jsse-nio-9090-exec-5] EmployeeId(2) is called
2023-04-26 11:17:01,501 INFO com.capstone.project.controller.EmployeeController [https-jsse-nio-9090-exec-1] EmployeeId(2) is called
2023-04-26 11:23:42,365 WARN com.zaxxer.hikari.pool.HikariPool [HikariPool-1 housekeeper] HikariPool-1 - Thread starvation or clock leap detected (housekeeper delta=45s442ms261탎600ns).
2023-04-26 14:13:22,522 WARN com.zaxxer.hikari.pool.HikariPool [HikariPool-1 housekeeper] HikariPool-1 - Thread starvation or clock leap detected (housekeeper delta=2h47m2s746ms255탎500ns).
2023-04-26 15:36:50,558 WARN com.zaxxer.hikari.pool.HikariPool [HikariPool-1 housekeeper] HikariPool-1 - Thread starvation or clock leap detected (housekeeper delta=1h20m27s970ms622탎700ns).
2023-04-26 15:37:56,945 INFO com.capstone.project.controller.EmployeeController [https-jsse-nio-9090-exec-2] EmployeeId(2) is called
2023-04-26 15:38:53,947 INFO com.capstone.project.controller.EmployeeController [https-jsse-nio-9090-exec-4] EmployeeId(2) is called
2023-04-26 16:23:27,561 WARN com.zaxxer.hikari.pool.HikariPool [HikariPool-1 housekeeper] HikariPool-1 - Thread starvation or clock leap detected (housekeeper delta=10m36s163ms178탎700ns).
2023-04-26 16:48:25,463 INFO com.capstone.project.controller.EmployeeController [https-jsse-nio-9090-exec-2] EmployeeId(2) is called
2023-04-26 17:33:18,784 WARN com.zaxxer.hikari.pool.HikariPool [HikariPool-1 housekeeper] HikariPool-1 - Thread starvation or clock leap detected (housekeeper delta=9m20s267ms802탎500ns).
2023-04-26 18:05:17,224 INFO com.capstone.project.controller.EmployeeController [https-jsse-nio-9090-exec-6] EmployeeId(2) is called
2023-04-26 18:05:33,610 WARN com.zaxxer.hikari.pool.HikariPool [HikariPool-1 housekeeper] HikariPool-1 - Thread starvation or clock leap detected (housekeeper delta=32m14s829ms476탎).
2023-04-26 18:48:11,113 WARN com.zaxxer.hikari.pool.HikariPool [HikariPool-1 housekeeper] HikariPool-1 - Thread starvation or clock leap detected (housekeeper delta=22m37s192ms755탎900ns).
2023-04-26 18:54:51,395 INFO com.capstone.project.controller.EmployeeController [https-jsse-nio-9090-exec-4] EmployeeId(2) is called
2023-04-26 19:38:50,092 INFO com.capstone.project.controller.EmployeeController [https-jsse-nio-9090-exec-5] EmployeeId(2) is called
2023-04-26 20:04:16,447 WARN com.zaxxer.hikari.pool.HikariPool [HikariPool-1 housekeeper] HikariPool-1 - Thread starvation or clock leap detected (housekeeper delta=22m1s29ms265탎).
2023-04-26 20:30:00,302 WARN com.zaxxer.hikari.pool.HikariPool [HikariPool-1 housekeeper] HikariPool-1 - Thread starvation or clock leap detected (housekeeper delta=3m13s53ms255탎700ns).
2023-04-26 20:34:06,696 WARN com.zaxxer.hikari.pool.HikariPool [HikariPool-1 housekeeper] HikariPool-1 - Thread starvation or clock leap detected (housekeeper delta=1m36s309ms419탎500ns).
2023-04-26 20:57:09,111 WARN com.zaxxer.hikari.pool.HikariPool [HikariPool-1 housekeeper] HikariPool-1 - Thread starvation or clock leap detected (housekeeper delta=5m32s96ms681탎700ns).
2023-04-26 21:16:59,835 WARN com.zaxxer.hikari.pool.HikariPool [HikariPool-1 housekeeper] HikariPool-1 - Thread starvation or clock leap detected (housekeeper delta=1m33s490ms147탎800ns).
2023-04-26 21:23:01,965 WARN com.zaxxer.hikari.pool.HikariPool [HikariPool-1 housekeeper] HikariPool-1 - Thread starvation or clock leap detected (housekeeper delta=6m2s146ms254탎100ns).
2023-04-26 21:25:50,846 WARN com.zaxxer.hikari.pool.HikariPool [HikariPool-1 housekeeper] HikariPool-1 - Thread starvation or clock leap detected (housekeeper delta=2m48s881ms238탎400ns).
2023-04-26 21:31:17,192 WARN com.zaxxer.hikari.pool.HikariPool [HikariPool-1 housekeeper] HikariPool-1 - Thread starvation or clock leap detected (housekeeper delta=5m26s345ms35탎100ns).
